<?xml version="1.0" encoding="UTF-8"?>
<!-- Generated by org.testng.reporters.JUnitXMLReporter -->
<testsuite hostname="WTU8L0000066" ignored="0" tests="10" failures="0" timestamp="24 sep 2018 21:08:08 GMT" time="35.659" errors="0">
  <testcase name="launch_webPage" time="1.408" classname="BonifyWebpageTest"/>
  <testcase name="verify_webpage" time="1.041" classname="BonifyWebpageTest"/>
  <testcase name="verify_forgetPawrd" time="1.544" classname="BonifyWebpageTest"/>
  <testcase name="verify_login_text" time="0.208" classname="BonifyWebpageTest"/>
  <testcase name="verify_newRegistration_button" time="1.07" classname="BonifyWebpageTest"/>
  <testcase name="verify_Impressum_link" time="2.108" classname="BonifyWebpageTest"/>
  <testcase name="verify_AGB_link" time="2.343" classname="BonifyWebpageTest"/>
  <testcase name="verify_Datenschutz_link" time="2.55" classname="BonifyWebpageTest"/>
  <testcase name="verify_Footer_text" time="0.162" classname="BonifyWebpageTest"/>
  <testcase name="verify_bonify_login" time="2.618" classname="BonifyWebpageTest"/>
</testsuite>
